0 info it worked if it ends with ok
1 verbose cli [ 'C:\\Program Files\\nodejs\\node.exe',
1 verbose cli   'C:\\Users\\duynisva\\AppData\\Roaming\\npm\\node_modules\\npm\\bin\\npm-cli.js',
1 verbose cli   'start' ]
2 info using npm@3.10.7
3 info using node@v4.5.0
4 verbose run-script [ 'prestart', 'start', 'poststart' ]
5 info lifecycle intellidealer@1.0.0~prestart: intellidealer@1.0.0
6 silly lifecycle intellidealer@1.0.0~prestart: no script for prestart, continuing
7 info lifecycle intellidealer@1.0.0~start: intellidealer@1.0.0
8 verbose lifecycle intellidealer@1.0.0~start: unsafe-perm in lifecycle true
9 verbose lifecycle intellidealer@1.0.0~start: PATH: C:\Users\duynisva\AppData\Roaming\npm\node_modules\npm\bin\node-gyp-bin;C:\Users\duynisva\Development Projects\React Intellidealer Final\node_modules\.bin;C:\ProgramData\Oracle\Java\javapath;C:\Program Files (x86)\RSA SecurID Token Common;C:\windows\system32;C:\windows;C:\windows\System32\Wbem;C:\windows\System32\WindowsPowerShell\v1.0\;C:\Program Files (x86)\Sennheiser\SoftphoneSDK\;C:\Program Files\WIDCOMM\Bluetooth Software\;C:\Program Files\WIDCOMM\Bluetooth Software\syswow64;C:\Program Files (x86)\WebEx\Productivity Tools;C:\Program Files (x86)\IBM\Client Access\Emulator;C:\Program Files (x86)\IBM\Client Access\Shared;C:\Program Files (x86)\IBM\Client Access\;C:\Program Files\Git\cmd;C:\Program Files\Java\jdk1.8.0_73\bin;;C:\Users\duynisva\AppData\Roaming\npm;C:\Program Files\nodejs\;C:\Applications\Atlassian\atlassian-plugin-sdk-6.2.6\bin;C:\Users\duynisva\AppData\Local\atom\bin;C:\Users\duynisva\AppData\Roaming\npm
10 verbose lifecycle intellidealer@1.0.0~start: CWD: C:\Users\duynisva\Development Projects\React Intellidealer Final
11 silly lifecycle intellidealer@1.0.0~start: Args: [ '/d /s /c', 'node server.js' ]
12 silly lifecycle intellidealer@1.0.0~start: Returned: code: 1  signal: null
13 info lifecycle intellidealer@1.0.0~start: Failed to exec start script
14 verbose stack Error: intellidealer@1.0.0 start: `node server.js`
14 verbose stack Exit status 1
14 verbose stack     at EventEmitter.<anonymous> (C:\Users\duynisva\AppData\Roaming\npm\node_modules\npm\lib\utils\lifecycle.js:255:16)
14 verbose stack     at emitTwo (events.js:87:13)
14 verbose stack     at EventEmitter.emit (events.js:172:7)
14 verbose stack     at ChildProcess.<anonymous> (C:\Users\duynisva\AppData\Roaming\npm\node_modules\npm\lib\utils\spawn.js:40:14)
14 verbose stack     at emitTwo (events.js:87:13)
14 verbose stack     at ChildProcess.emit (events.js:172:7)
14 verbose stack     at maybeClose (internal/child_process.js:829:16)
14 verbose stack     at Process.ChildProcess._handle.onexit (internal/child_process.js:211:5)
15 verbose pkgid intellidealer@1.0.0
16 verbose cwd C:\Users\duynisva\Development Projects\React Intellidealer Final
17 error Windows_NT 6.1.7601
18 error argv "C:\\Program Files\\nodejs\\node.exe" "C:\\Users\\duynisva\\AppData\\Roaming\\npm\\node_modules\\npm\\bin\\npm-cli.js" "start"
19 error node v4.5.0
20 error npm  v3.10.7
21 error code ELIFECYCLE
22 error intellidealer@1.0.0 start: `node server.js`
22 error Exit status 1
23 error Failed at the intellidealer@1.0.0 start script 'node server.js'.
23 error Make sure you have the latest version of node.js and npm installed.
23 error If you do, this is most likely a problem with the intellidealer package,
23 error not with npm itself.
23 error Tell the author that this fails on your system:
23 error     node server.js
23 error You can get information on how to open an issue for this project with:
23 error     npm bugs intellidealer
23 error Or if that isn't available, you can get their info via:
23 error     npm owner ls intellidealer
23 error There is likely additional logging output above.
24 verbose exit [ 1, true ]
